[2023-12-08T15:28:06.869+0000][gc] Using G1
[2023-12-08T15:28:06.884+0000][gc,init] Version: 17.0.9+8-LTS (release)
[2023-12-08T15:28:06.884+0000][gc,init] CPUs: 2 total, 2 available
[2023-12-08T15:28:06.884+0000][gc,init] Memory: 7929M
[2023-12-08T15:28:06.884+0000][gc,init] Large Page Support: Disabled
[2023-12-08T15:28:06.885+0000][gc,init] NUMA Support: Disabled
[2023-12-08T15:28:06.885+0000][gc,init] Compressed Oops: Enabled (32-bit)
[2023-12-08T15:28:06.885+0000][gc,init] Heap Region Size: 1M
[2023-12-08T15:28:06.885+0000][gc,init] Heap Min Capacity: 1G
[2023-12-08T15:28:06.885+0000][gc,init] Heap Initial Capacity: 1G
[2023-12-08T15:28:06.885+0000][gc,init] Heap Max Capacity: 1G
[2023-12-08T15:28:06.886+0000][gc,init] Pre-touch: Disabled
[2023-12-08T15:28:06.886+0000][gc,init] Parallel Workers: 2
[2023-12-08T15:28:06.886+0000][gc,init] Concurrent Workers: 1
[2023-12-08T15:28:06.886+0000][gc,init] Concurrent Refinement Workers: 2
[2023-12-08T15:28:06.886+0000][gc,init] Periodic GC: Disabled
[2023-12-08T15:28:06.893+0000][gc,metaspace] CDS archive(s) mapped at: [0x00007f1edf000000-0x00007f1edfbc6000-0x00007f1edfbc6000), size 12345344, SharedBaseAddress: 0x00007f1edf000000, ArchiveRelocationMode: 1.
[2023-12-08T15:28:06.893+0000][gc,metaspace] Compressed class space mapped at: 0x00007f1ee0000000-0x00007f1f20000000, reserved size: 1073741824
[2023-12-08T15:28:06.893+0000][gc,metaspace] Narrow klass base: 0x00007f1edf000000, Narrow klass shift: 0, Narrow klass range: 0x100000000
[2023-12-08T15:28:08.846+0000][gc,start    ] GC(0) Pause Young (Normal) (G1 Evacuation Pause)
[2023-12-08T15:28:08.846+0000][gc,task     ] GC(0) Using 2 workers of 2 for evacuation
[2023-12-08T15:28:08.859+0000][gc,phases   ] GC(0)   Pre Evacuate Collection Set: 0.1ms
[2023-12-08T15:28:08.860+0000][gc,phases   ] GC(0)   Merge Heap Roots: 0.1ms
[2023-12-08T15:28:08.860+0000][gc,phases   ] GC(0)   Evacuate Collection Set: 12.0ms
[2023-12-08T15:28:08.860+0000][gc,phases   ] GC(0)   Post Evacuate Collection Set: 0.5ms
[2023-12-08T15:28:08.860+0000][gc,phases   ] GC(0)   Other: 0.6ms
[2023-12-08T15:28:08.861+0000][gc,heap     ] GC(0) Eden regions: 51->0(44)
[2023-12-08T15:28:08.861+0000][gc,heap     ] GC(0) Survivor regions: 0->7(7)
[2023-12-08T15:28:08.861+0000][gc,heap     ] GC(0) Old regions: 0->0
[2023-12-08T15:28:08.861+0000][gc,heap     ] GC(0) Archive regions: 2->2
[2023-12-08T15:28:08.861+0000][gc,heap     ] GC(0) Humongous regions: 0->0
[2023-12-08T15:28:08.861+0000][gc,metaspace] GC(0) Metaspace: 19245K(19456K)->19245K(19456K) NonClass: 16702K(16832K)->16702K(16832K) Class: 2542K(2624K)->2542K(2624K)
[2023-12-08T15:28:08.861+0000][gc          ] GC(0) Pause Young (Normal) (G1 Evacuation Pause) 51M->7M(1024M) 15.010ms
[2023-12-08T15:28:08.861+0000][gc,cpu      ] GC(0) User=0.01s Sys=0.01s Real=0.01s
[2023-12-08T15:28:10.845+0000][gc,heap,exit] Heap
[2023-12-08T15:28:10.845+0000][gc,heap,exit]  garbage-first heap   total 1048576K, used 10187K [0x00000000c0000000, 0x0000000100000000)
[2023-12-08T15:28:10.845+0000][gc,heap,exit]   region size 1024K, 10 young (10240K), 7 survivors (7168K)
[2023-12-08T15:28:10.845+0000][gc,heap,exit]  Metaspace       used 19465K, committed 19648K, reserved 1114112K
[2023-12-08T15:28:10.845+0000][gc,heap,exit]   class space    used 2578K, committed 2688K, reserved 1048576K
